Flow report for MyComputer
Thu May 16 17:43:03 2019
Quartus Prime Version 18.1.0 Build 625 09/12/2018 SJ Lite Edition


---------------------
; Table of Contents ;
---------------------
  1. Legal Notice
  2. Flow Summary
  3. Flow Settings
  4. Flow Non-Default Global Settings
  5. Flow Elapsed Time
  6. Flow OS Summary
  7. Flow Log
  8. Flow Messages
  9. Flow Suppressed Messages



----------------
; Legal Notice ;
----------------
Copyright (C) 2018  Intel Corporation. All rights reserved.
Your use of Intel Corporation's design tools, logic functions 
and other software and tools, and its AMPP partner logic 
functions, and any output files from any of the foregoing 
(including device programming or simulation files), and any 
associated documentation or information are expressly subject 
to the terms and conditions of the Intel Program License 
Subscription Agreement, the Intel Quartus Prime License Agreement,
the Intel FPGA IP License Agreement, or other applicable license
agreement, including, without limitation, that your use is for
the sole purpose of programming logic devices manufactured by
Intel and sold by Intel or its authorized distributors.  Please
refer to the applicable agreement for further details.



+-------------------------------------------------------------------------------+
; Flow Summary                                                                  ;
+---------------------------------+---------------------------------------------+
; Flow Status                     ; Successful - Thu May 16 17:43:03 2019       ;
; Quartus Prime Version           ; 18.1.0 Build 625 09/12/2018 SJ Lite Edition ;
; Revision Name                   ; MyComputer                                  ;
; Top-level Entity Name           ; MyComputer                                  ;
; Family                          ; Cyclone V                                   ;
; Device                          ; 5CSEMA5F31C6                                ;
; Timing Models                   ; Final                                       ;
; Logic utilization (in ALMs)     ; 711 / 32,070 ( 2 % )                        ;
; Total registers                 ; 464                                         ;
; Total pins                      ; 67 / 457 ( 15 % )                           ;
; Total virtual pins              ; 0                                           ;
; Total block memory bits         ; 0 / 4,065,280 ( 0 % )                       ;
; Total DSP Blocks                ; 2 / 87 ( 2 % )                              ;
; Total HSSI RX PCSs              ; 0                                           ;
; Total HSSI PMA RX Deserializers ; 0                                           ;
; Total HSSI TX PCSs              ; 0                                           ;
; Total HSSI PMA TX Serializers   ; 0                                           ;
; Total PLLs                      ; 0 / 6 ( 0 % )                               ;
; Total DLLs                      ; 0 / 4 ( 0 % )                               ;
+---------------------------------+---------------------------------------------+


+-----------------------------------------+
; Flow Settings                           ;
+-------------------+---------------------+
; Option            ; Setting             ;
+-------------------+---------------------+
; Start date & time ; 05/16/2019 17:39:26 ;
; Main task         ; Compilation         ;
; Revision Name     ; MyComputer          ;
+-------------------+---------------------+


+------------------------------------------------------------------------------------------------------------------------------+
; Flow Non-Default Global Settings                                                                                             ;
+--------------------------------------+----------------------------------------+---------------+-------------+----------------+
; Assignment Name                      ; Value                                  ; Default Value ; Entity Name ; Section Id     ;
+--------------------------------------+----------------------------------------+---------------+-------------+----------------+
; COMPILER_SIGNATURE_ID                ; 141812762408194.155799236524344        ; --            ; --          ; --             ;
; EDA_DESIGN_INSTANCE_NAME             ; NA                                     ; --            ; --          ; test_01        ;
; EDA_DESIGN_INSTANCE_NAME             ; NA                                     ; --            ; --          ; test_02        ;
; EDA_DESIGN_INSTANCE_NAME             ; NA                                     ; --            ; --          ; test_03        ;
; EDA_DESIGN_INSTANCE_NAME             ; NA                                     ; --            ; --          ; TestCalc       ;
; EDA_NATIVELINK_SIMULATION_TEST_BENCH ; TestCalc                               ; --            ; --          ; eda_simulation ;
; EDA_OUTPUT_DATA_FORMAT               ; Verilog Hdl                            ; --            ; --          ; eda_simulation ;
; EDA_SIMULATION_TOOL                  ; ModelSim-Altera (Verilog)              ; <None>        ; --          ; --             ;
; EDA_TEST_BENCH_ENABLE_STATUS         ; TEST_BENCH_MODE                        ; --            ; --          ; eda_simulation ;
; EDA_TEST_BENCH_FILE                  ; test_01.v                              ; --            ; --          ; test_01        ;
; EDA_TEST_BENCH_FILE                  ; test_02.v                              ; --            ; --          ; test_02        ;
; EDA_TEST_BENCH_FILE                  ; test_03.v                              ; --            ; --          ; test_03        ;
; EDA_TEST_BENCH_FILE                  ; TestCalc.v                             ; --            ; --          ; TestCalc       ;
; EDA_TEST_BENCH_MODULE_NAME           ; test_01                                ; --            ; --          ; test_01        ;
; EDA_TEST_BENCH_MODULE_NAME           ; test_02                                ; --            ; --          ; test_02        ;
; EDA_TEST_BENCH_MODULE_NAME           ; test_03                                ; --            ; --          ; test_03        ;
; EDA_TEST_BENCH_MODULE_NAME           ; TestCalc                               ; --            ; --          ; TestCalc       ;
; EDA_TEST_BENCH_NAME                  ; test_01                                ; --            ; --          ; eda_simulation ;
; EDA_TEST_BENCH_NAME                  ; test_02                                ; --            ; --          ; eda_simulation ;
; EDA_TEST_BENCH_NAME                  ; test_03                                ; --            ; --          ; eda_simulation ;
; EDA_TEST_BENCH_NAME                  ; TestCalc                               ; --            ; --          ; eda_simulation ;
; EDA_TIME_SCALE                       ; 1 ps                                   ; --            ; --          ; eda_simulation ;
; MAX_CORE_JUNCTION_TEMP               ; 85                                     ; --            ; --          ; --             ;
; MIN_CORE_JUNCTION_TEMP               ; 0                                      ; --            ; --          ; --             ;
; PARTITION_COLOR                      ; -- (Not supported for targeted family) ; --            ; --          ; Top            ;
; PARTITION_FITTER_PRESERVATION_LEVEL  ; -- (Not supported for targeted family) ; --            ; --          ; Top            ;
; PARTITION_NETLIST_TYPE               ; -- (Not supported for targeted family) ; --            ; --          ; Top            ;
; POWER_BOARD_THERMAL_MODEL            ; None (CONSERVATIVE)                    ; --            ; --          ; --             ;
; POWER_PRESET_COOLING_SOLUTION        ; 23 MM HEAT SINK WITH 200 LFPM AIRFLOW  ; --            ; --          ; --             ;
; PROJECT_OUTPUT_DIRECTORY             ; output_files                           ; --            ; --          ; --             ;
+--------------------------------------+----------------------------------------+---------------+-------------+----------------+


+--------------------------------------------------------------------------------------------------------------------------+
; Flow Elapsed Time                                                                                                        ;
+----------------------+--------------+-------------------------+---------------------+------------------------------------+
; Module Name          ; Elapsed Time ; Average Processors Used ; Peak Virtual Memory ; Total CPU Time (on all processors) ;
+----------------------+--------------+-------------------------+---------------------+------------------------------------+
; Analysis & Synthesis ; 00:00:31     ; 1.0                     ; 4866 MB             ; 00:00:55                           ;
; Fitter               ; 00:02:20     ; 1.1                     ; 6559 MB             ; 00:04:32                           ;
; Assembler            ; 00:00:17     ; 1.0                     ; 4858 MB             ; 00:00:17                           ;
; Timing Analyzer      ; 00:00:18     ; 1.6                     ; 5175 MB             ; 00:00:25                           ;
; EDA Netlist Writer   ; 00:00:04     ; 1.0                     ; 4778 MB             ; 00:00:04                           ;
; Total                ; 00:03:30     ; --                      ; --                  ; 00:06:13                           ;
+----------------------+--------------+-------------------------+---------------------+------------------------------------+


+------------------------------------------------------------------------------------+
; Flow OS Summary                                                                    ;
+----------------------+------------------+------------+------------+----------------+
; Module Name          ; Machine Hostname ; OS Name    ; OS Version ; Processor type ;
+----------------------+------------------+------------+------------+----------------+
; Analysis & Synthesis ; DESKTOP-4KI80P5  ; Windows 10 ; 10.0       ; x86_64         ;
; Fitter               ; DESKTOP-4KI80P5  ; Windows 10 ; 10.0       ; x86_64         ;
; Assembler            ; DESKTOP-4KI80P5  ; Windows 10 ; 10.0       ; x86_64         ;
; Timing Analyzer      ; DESKTOP-4KI80P5  ; Windows 10 ; 10.0       ; x86_64         ;
; EDA Netlist Writer   ; DESKTOP-4KI80P5  ; Windows 10 ; 10.0       ; x86_64         ;
+----------------------+------------------+------------+------------+----------------+


------------
; Flow Log ;
------------
quartus_map --read_settings_files=on --write_settings_files=off MyComputer -c MyComputer
quartus_fit --read_settings_files=off --write_settings_files=off MyComputer -c MyComputer
quartus_asm --read_settings_files=off --write_settings_files=off MyComputer -c MyComputer
quartus_sta MyComputer -c MyComputer
quartus_eda --read_settings_files=off --write_settings_files=off MyComputer -c MyComputer



